        -:    0:Source:gcov.c
        -:    0:Graph:gcov.gcno
        -:    0:Data:gcov.gcda
        -:    0:Runs:1
        -:    0:Programs:1
        -:    1:typedef int dstype;
        -:    2:#include "ds.h"
        -:    3:
        1:    4:int main(int argc, const char *argv[])
        -:    5:{
        -:    6:
        1:    7:	ds d = init_d();
        -:    8:
   402342:    9:	for(int i = 0; i < 402341; i++)
   402341:   10:		insert_d(d, i);
        -:   11:
        1:   12:	search_d(d, 4);
        -:   13:}
